389874 8115
447325 6675
294154 234
211727 9287
220083 7896
220083 3141
305642 1168
201663 9515
417518 75
232808 1447
220083 1207
220083 6521
447325 2699
244913 9675
212138 80
389874 4918
309068 6471
297860 762
316851 7428
184307 7173
370983 7076
342205 3752
297860 623
305642 1782
199920 8763
272916 5304
244913 8380
220083 6600
312976 4627
183787 8939
344996 5492
256670 224
232808 9734
272916 4882
389874 885
256670 2572
420805 5994
272916 1133
358032 9028
256670 7158
312280 1099
309068 9786
420805 4034
447325 1905
232808 5705
267605 67
312976 5093
294154 4173
267605 1776
348801 2471
309068 2074
287560 1499
281825 9578
240830 1783
226997 3462
389874 5466
220083 2696
212138 4942
256670 888
326428 5894
220083 7420
193349 2244
309068 282
370983 7168
484527 2848
484527 2425
272916 5603
279650 6168
316851 4060
370983 2038
498699 9711
358032 3964
431175 8181
332317 2427
232808 9262
488412 9451
389874 2457
244913 7849
294154 2728
267605 708
272916 2778
348801 8379
305642 8289
266784 6953
420805 1731
212138 2332
447325 8978
389874 4988
256670 3667
232808 2502
470395 8669
389874 5240
403873 1628
267605 8550
389874 5157
348801 3610
348801 5156
370983 273
266784 4052
225054 937
256670 971
297860 972
457433 9155
240830 3773
326428 4050
344996 4428
244913 6696
389874 8014
220083 4467
220083 8363
358032 8846
389874 5978
256670 6286
256670 6408
358032 1730
267605 8992
308623 8184
279650 8740
470395 3508
220083 5896
348801 7054
342205 5942
389874 3521
256670 2574
267605 6289
316851 1140
267605 9296
482566 5472
267605 7118
240830 3358
256670 1653
305642 9561
272916 9483
309068 6616
332317 9741
244913 6027
267605 807
256670 8426
212138 2584
297860 8245
305642 8456
389874 8349
199920 1982
199920 8964
431175 1914
482566 7804
199920 6091
405069 7682
235376 7393
232808 1069
397768 232
447325 9592
297860 2566
232808 4135
199920 501
267605 411
240830 5006
297860 6833
297860 2662
266784 2808
370983 2690
344996 719
267605 4788
415660 5287
420805 6390
199920 2874
344996 8924
267605 1893
267605 977
279650 6669
389874 4207
417518 5693
211727 3243
287560 8844
220083 5447
447325 5353
267605 3396
267605 3849
266784 4757
220083 5051
326428 5198
220083 8223
279650 4274
500324 3302
189664 3261
342205 1363
431175 1534
488972 851
267605 288
316851 8718
297860 4771
225054 6482
201663 3434
232808 8092
447325 9716
279650 949
267605 2199
240830 9349
244913 1860
444010 912
272916 8337
312280 9396
405069 5710
256670 8854
344996 3909
267605 9996
211727 8214
267605 6511
470395 8975
309068 104
312976 1349
405069 1000
297860 6164
244913 9799
332317 6918
318290 7376
316851 9772
335699 2243
235376 7529
267605 3618
405069 435
267605 9696
457433 1060
232808 7990
211727 9291
420805 2864
232808 84
358032 7271
211727 390
342205 2507
294154 1050
358032 9163
389874 6455
272916 8945
470395 9577
212138 307
325284 6229
366712 1417
279650 4182
420805 6016
309068 6293
199920 3579
211727 5710
420805 2954
220083 1786
470395 3782
199920 6674
279650 5408
470395 247
332457 2135
267605 9934
232808 1605
235376 3059
488972 7642
267605 6012
220083 4766
344996 3983
309068 2052
294154 3603
305642 6294
420805 1741
389874 5630
211727 9186
235376 6436
395373 5513
309068 1679
389874 3463
389874 4327
211727 8830
297860 8395
266784 7177
326428 2836
326428 4546
279650 6965
220083 4230
344996 8998
342205 4135
179432 562
437272 9338
201663 9278
332317 3500
211727 1749
415660 9970
256670 2570
431175 6525
189664 7244
272916 7165
225054 6383
417518 7306
267605 6358
389874 6650
449822 6137
431175 7074
189664 8650
240830 2908
389874 2411
389874 8066
358032 3917
297860 1131
452877 6633
240830 2871
309068 9958
212138 6236
297860 7798
211727 8495
470395 8700
244913 1591
470395 551
500324 9989
220083 9922
256670 4436
212138 5002
389874 8933
309068 5255
344996 455
232808 6321
256670 8094
308623 6945
279650 4023
256670 1067
267605 6844
272916 2305
435176 2003
420805 4552
220083 6010
358032 9811
358032 2875
279650 1028
279650 2751
266784 2388
389874 1687
312280 4051
403873 1397
498699 936
256670 9320
470395 5939
279650 9661
297860 3584
272916 4034
294154 2457
470395 8889
240830 5277
211727 8054
232808 3507
266784 4201
397768 7672
256670 3806
267605 169
232808 2471
431175 8265
325284 4395
297860 2996
287560 6077
470395 8577
420805 2345
348801 3501
335699 5429
267605 7780
470395 1810
332317 3439
212138 9900
240830 5884
250328 6297
405069 791
267605 9512
308623 3226
294154 9146
266784 3558
240830 9264
389874 5651
305642 7803
452877 7107
201663 9476
266784 2951
370983 1241
484527 3500
332457 3712
470395 9398
232808 2206
389874 6531
244913 4321
335699 1522
389874 6327
447325 1328
212138 1821
470395 9703
266784 6437
431175 9567
305642 2044
305642 9602
405069 8369
344996 9824
266784 5897
240830 2064
267605 8374
279650 7669
509003 7459
266784 7968
305642 6312
267605 5142
470395 4768
279650 6600
266784 8698
189664 8051
342205 8762
358032 3546
309068 7026
370983 2096
325284 9009
358032 2395
230632 9227
389874 6594
267605 29
332457 5030
211727 3535
240830 2674
309068 974
232808 4142
405069 8851
232808 1934
389874 4388
256670 7805
244913 7323
335699 979
211727 3806
244913 5688
309068 4122
211727 401
389874 7606
267605 7593
389874 6269
211727 9522
332317 1254
305642 7057
184307 7125
366712 3980
240830 3748
256670 8274
220083 5320
431175 5995
184345 1347
305642 1416
201663 5454
309068 1268
370983 4378
279650 1242
235376 8974
267605 1936
294154 7776
473917 9046
189664 2501
420805 6145
240830 3913
240830 6662
267605 6839
267605 6582
193349 9172
305642 5037
240830 8184
447325 8245
232808 9107
370983 4434
267605 6011
279650 7502
240830 2190
326428 3718
358032 3796
220083 6318
256670 9417
366712 5704
470395 1818
420805 2147
267605 3561
279650 503
193349 1341
470395 5297
267605 3209
344996 8876
235376 2100
309068 3648
199920 3763
405069 2593
344996 3174
431175 5886
309068 5845
211727 3189
309068 7335
279650 2762
488972 2410
240830 1706
211727 7889
212138 3449
389874 5739
348801 9627
211727 3570
220083 9995
308623 5101
272916 9922
235376 5845
509003 3850
342205 6930
189664 5899
447325 1283
326428 2480
279650 180
444010 9043
420805 8043
266784 1386
225054 8491
370983 429
244913 3118
389874 8023
389874 7988
308623 7839
199920 8582
267605 7105
193349 63
294154 9803
312976 4167
297860 8268
344996 1376
211727 69
176020 6864
212138 9140
395373 4028
281825 8005
240830 7845
212138 2062
220083 7901
244913 8932
212138 2901
370983 5103
326428 5330
240830 7547
256670 1369
411908 1537
244913 8869
267605 6514
332457 897
344996 5504
326428 3683
326428 5575
332317 3965
332317 8774
509003 9481
256670 8393
309068 8143
435176 1248
297860 8573
256670 8415
308623 8305
309068 9549
267605 9999
370983 2569
267605 2061
184345 4343
326428 6287
212138 2924
397768 2785
232808 9618
250328 1201
358032 4720
318290 8731
312280 9182
366712 6170
389874 6148
256670 2747
332317 3788
420805 3144
220083 720
240830 9073
272916 3998
212138 1413
240830 7214
370983 8888
294154 3836
256670 5449
344996 7610
342205 7736
235376 3733
201663 5696
267605 9737
244913 1437
488972 608
266784 9001
201663 8068
344996 7875
235376 4695
232808 7606
201663 7939
294154 7214
308623 7237
256670 4986
232808 5595
294154 3978
297860 4688
332317 4245
240830 9078
272916 1176
348801 5449
389874 669
482566 4943
230632 1884
220083 8772
272916 5930
220083 6628
332317 9071
308623 704
279650 4352
279650 1367
235376 9166
389874 3677
447325 4655
312280 9537
220083 8799
305642 3364
279650 9954
267605 7960
232808 8720
294154 3865
279650 4557
470395 9763
294154 9670
484527 3626
212138 5886
266784 4247
366712 1993
297860 5469
297860 6933
344996 9786
325284 7475
309068 6179
272916 518
256670 3668
371633 1857
235376 4216
484527 1410
294154 3347
308623 1274
411908 5516
240830 6375
211727 5895
267605 5895
420805 2070
370983 262
297860 2086
272916 1655
240830 691
470395 9521
344996 3810
325284 4914
211727 2705
470395 8929
417518 4669
484527 1074
294154 3855
232808 8351
211727 2659
240830 3112
358032 8447
287560 9187
279650 1321
415660 4274
403873 7757
344996 9903
348801 1573
211727 5407
431175 5801
220083 4700
420805 2939
389874 573
297860 8132
279650 3467
201663 3460
370983 3625
395373 8408
332317 3315
297860 1136
211727 2030
389874 9319
344996 8523
335699 7249
309068 8328
332317 6190
267605 4602
267605 6557
256670 8658
325284 3940
389874 1984
225054 9103
279650 2501
211727 2108
344996 883
447325 1462
325284 1555
279650 8613
316851 6570
312976 8534
232808 4006
211727 396
344996 2232
267605 9622
199920 3466
266784 5881
279650 5434
447325 8447
272916 5604
370983 9118
358032 3642
176020 9142
297860 7657
232808 6040
389874 4102
358032 260
225054 1244
189664 57
470395 3967
326428 3384
332317 1242
358032 4998
240830 6331
279650 2560
232808 9494
189664 1591
256670 3857
305642 5908
389874 3073
389874 2073
272916 2624
267605 3581
389874 3831
435176 4420
309068 2650
244913 133
176020 9383
279650 1387
344996 9577
267605 8166
308623 2791
220083 9602
420805 5585
344996 7621
287560 8133
484527 9941
256670 5317
325284 3227
389874 1155
294154 5887
405069 879
184307 9696
256670 1864
240830 3224
309068 4613
470395 6395
431175 8269
309068 9706
220083 6084
447325 3845
305642 5095
266784 4209
201663 5786
389874 9282
332317 2110
272916 1400
309068 520
240830 5795
405069 8323
220083 8999
470395 8413
470395 7331
305642 9926
279650 8212
279650 2311
279650 5647
420805 5363
287560 8852
279650 4569
240830 1022
244913 982
211727 4001
411908 2926
240830 8170
232808 956
316851 1240
220083 4515
332317 2832
225054 4876
366712 3578
332457 2835
287560 9416
267605 1029
348801 1656
342205 5522
316851 5882
184307 4061
266784 963
332317 8218
267605 6615
279650 7371
240830 2448
189664 6936
267605 8230
431175 7160
232808 9321
220083 5000
244913 6346
370983 5053
297860 7936
348801 8389
389874 2027
431175 4760
447325 8965
287560 6764
309068 969
267605 2866
332457 980
211727 1708
305642 6283
470395 6071
240830 9651
358032 769
220083 4837
447325 917
201663 1090
358032 8686
318290 3091
473917 6095
370983 1004
220083 9298
240830 7046
256670 615
272916 5330
201663 8638
267605 9295
199920 7049
267605 5399
294154 7370
211727 9072
358032 6896
212138 3115
220083 9165
240830 6262
420805 3414
176020 2479
309068 6022
232808 7046
484527 7806
201663 6829
344996 4769
370983 2833
220083 4514
256670 2307
256670 8647
240830 9410
316851 5816
309068 7625
212138 7392
220083 8035
240830 3181
240830 8777
272916 6222
220083 2777
318290 6096
240830 5886
297860 9916
266784 7898
332317 7937
279650 8000
279650 5475
267605 5621
305642 8867
232808 6948
225054 2705
279650 1030
220083 4125
279650 1579
287560 1724
211727 1281
435176 3011
488203 9357
431175 4628
294154 9074
184307 9638
370983 9202
405069 1651
267605 6862
189664 6599
193349 6393
272916 481
344996 5796
294154 8648
308623 9869
312976 4426
220083 6530
444010 4403
267605 6663
232808 4958
366712 4147
309068 6652
272916 8357
266784 1496
272916 1759
308623 1881
211727 4348
281825 8456
358032 7023
240830 5180
294154 7637
225054 6924
267605 9287
267605 5648
312280 6663
312976 4713
344996 8340
335699 6605
230632 5644
281825 1974
309068 4453
267605 1148
212138 9978
435176 4381
267605 5368
279650 1733
358032 8491
211727 4024
316851 4606
272916 1339
230632 2326
498699 8661
452877 2573
225054 1565
240830 2496
335699 5607
230632 4609
211727 1609
240830 1702
397768 4153
420805 5237
405069 8213
272916 7848
220083 5020
220083 397
437272 3400
212138 413
279650 8118
326428 9938
470395 3068
279650 9407
309068 5437
266784 3595
267605 6158
297860 7681
370983 3179
240830 2235
272916 352
420805 669
316851 422
220083 3844
220083 7911
335699 9687
358032 7575
405069 3961
212138 5837
326428 430
267605 229
294154 6822
405069 3826
308623 473
335699 9993
309068 7781
316851 6642
244913 1319
220083 3209
452877 7548
199920 1586
437272 8755
348801 1403
212138 2446
235376 4179
240830 7966
342205 5600
287560 1592
232808 2748
240830 4610
235376 2275
184307 9541
232808 2239
332317 3744
256670 9550
447325 179
447325 1568
498699 7030
297860 7448
220083 6167
189664 7085
232808 2839
358032 7801
332457 82
326428 4049
220083 5817
335699 7957
232808 8048
389874 6582
309068 6077
256670 3805
240830 1316
250328 4026
256670 2576
358032 4465
240830 2475
189664 58
240830 5744
457433 7137
297860 4376
389874 3850
405069 539
279650 1699
256670 2482
344996 7252
318290 1244
272916 859
220083 9724
370983 1973
294154 205
297860 6622
389874 8993
267605 4345
272916 9185
279650 1014
193349 4838
470395 2109
389874 5590
235376 1356
312280 4092
244913 1524
211727 4639
358032 6549
193349 1884
279650 5714
366712 8915
312280 8069
267605 8121
267605 4777
405069 8767
232808 742
435176 3895
272916 9934
348801 6241
225054 1796
335699 38
232808 6099
325284 3690
470395 3257
405069 3891
297860 9921
267605 5813
266784 5370
431175 8442
272916 3190
309068 2924
312976 6495
220083 6706
405069 1841
220083 6670
184307 495
403873 4053
220083 4397
305642 4263
235376 7468
212138 2168
220083 1166
267605 9734
212138 451
431175 7396
266784 4626
342205 520
473917 1218
389874 8288
358032 1342
389874 7742
193349 8084
325284 931
183787 5306
389874 7554
309068 9412
211727 5666
389874 6490
294154 9424
193349 2550
335699 4802
335699 3475
457433 6951
389874 2921
470395 4274
309068 298
220083 1431
240830 588
305642 9361
312976 6288
212138 2631
405069 4777
244913 8434
358032 7028
358032 9696
256670 3522
403873 1025
297860 7340
325284 4949
279650 4218
235376 4709
267605 2540
305642 6387
279650 5787
240830 6239
279650 3678
470395 6373
348801 8
267605 6220
332317 750
267605 1606
405069 5630
420805 7020
184307 2128
325284 5193
326428 3030
344996 4026
405069 2552
279650 7502
305642 565
335699 8157
279650 136
287560 8033
240830 3557
309068 2134
266784 7045
240830 7128
240830 5983
199920 8629
240830 7410
389874 1317
279650 3448
332317 8580
279650 4817
370983 1790
279650 7736
389874 1929
420805 7059
267605 7443
256670 2604
332457 5212
272916 1476
395373 665
405069 358
488203 8032
326428 631
403873 9746
308623 7207
183787 4361
305642 5390
201663 6587
308623 3492
473917 6697
267605 3779
447325 731
267605 357
309068 8420
244913 9406
220083 5436
435176 5972
335699 5317
335699 8962
420805 2892
211727 6162
256670 3169
344996 5511
235376 8613
267605 2343
470395 5206
279650 6080
335699 9416
240830 2461
447325 4346
256670 7559
189664 8515
240830 3260
232808 3310
344996 1544
230632 8690
335699 4461
212138 1227
279650 4882
279650 8654
240830 7302
211727 7868
484527 9588
309068 5322
431175 4801
256670 9928
267605 2425
444010 4080
256670 4138
500324 9351
435176 6091
326428 6784
325284 2184
348801 1162
267605 4881
335699 400
389874 4557
326428 4168
389874 8632
389874 1362
470395 5241
297860 425
389874 9944
281825 4000
279650 1589
211727 1185
431175 9950
452877 3280
267605 8522
294154 8717
335699 3930
272916 2999
332457 684
389874 886
420805 837
287560 4004
370983 1409
389874 365
240830 8044
348801 1559
470395 9086
344996 4815
220083 405
272916 1717
405069 5895
272916 9285
389874 6555
484527 4484
297860 4246
358032 7758
244913 1057
506029 864
267605 6081
225054 223
397768 3607
256670 436
256670 7894
212138 4607
244913 2545
212138 3117
370983 1402
256670 4024
211727 7140
272916 8652
230632 3831
279650 6998
240830 3673
447325 8166
211727 4311
287560 635
344996 868
308623 3053
267605 8501
256670 9778
267605 7366
335699 9856
294154 3725
184345 2524
335699 5564
279650 2175
279650 4063
435176 2575
211727 5208
267605 5163
232808 4473
220083 2246
348801 3628
325284 5833
294154 1052
184307 2492
358032 735
435176 3915
431175 3883
344996 1248
389874 5430
358032 3154
267605 6744
397768 9755
457433 170
297860 7100
309068 6456
294154 5698
342205 8369
199920 176
332317 9778
211727 9039
326428 5083
211727 6766
240830 4637
444010 7357
279650 1301
417518 5885
212138 4156
201663 5383
389874 3967
308623 3380
405069 1649
309068 2886
235376 6568
370983 623
279650 1854
420805 2854
266784 5229
305642 8907
344996 3272
452877 9892
397768 8172
267605 517
335699 3578
279650 2057
240830 8836
232808 4868
308623 6134
370983 1459
326428 8360
294154 1343
272916 7257
332457 4392
256670 7226
267605 3637
389874 7407
312280 8444
240830 8855
193349 3804
335699 8725
470395 2681
220083 9036
344996 9941
366712 1492
342205 9186
212138 8677
189664 5851
389874 6139
232808 3091
272916 4497
389874 7710
305642 1454
220083 6716
297860 1540
220083 2211
435176 4251
230632 396
294154 9582
370983 1099
308623 1440
232808 3864
267605 1605
211727 1127
358032 9392
405069 4737
211727 2980
294154 6922
366712 1370
335699 8848
444010 4282
250328 906
420805 355
470395 310
287560 9005
176020 2827
240830 9648
470395 2985
420805 913
232808 8029
244913 7595
389874 1062
326428 4431
272916 3746
297860 7079
431175 1572
358032 5490
498699 2525
267605 7113
305642 9846
484527 8118
211727 3023
326428 7634
325284 1272
272916 6159
189664 7626
405069 632
272916 9935
220083 6646
366712 5629
405069 7935
309068 4594
389874 7303
326428 2080
308623 4239
281825 1239
309068 8255
309068 9864
256670 3722
431175 2217
279650 9366
279650 6281
370983 1390
405069 345
256670 2870
447325 4921
256670 1390
457433 5103
297860 3327
305642 7929
287560 8239
267605 977
267605 4630
473917 7457
267605 7114
267605 2167
309068 5623
240830 5036
297860 4606
232808 7054
405069 5953
348801 9516
272916 5639
309068 4616
389874 2993
244913 3649
240830 651
235376 6949
240830 7674
332317 7449
267605 4034
326428 6102
193349 9061
272916 798
431175 4326
220083 699
244913 529
267605 3065
344996 6817
484527 2510
332317 6697
447325 5574
220083 3793
470395 7047
256670 7540
294154 3053
316851 1960
405069 8705
240830 5811
447325 839
184345 7272
342205 5832
232808 465
267605 3698
397768 8454
332457 255
325284 4989
211727 1977
305642 348
256670 5147
348801 2830
220083 6800
312280 9299
498699 5105
211727 4383
312280 1845
220083 3947
189664 2472
405069 5576
240830 1927
232808 5938
220083 2711
212138 329
389874 5008
256670 9007
193349 1475
294154 8093
344996 1938
220083 8273
256670 7749
326428 8942
335699 9893
403873 2699
240830 5460
498699 3613
473917 1505
201663 1883
267605 5446
309068 1926
297860 2905
417518 4953
484527 5165
332317 931
326428 2127
244913 6718
484527 5696
201663 5337
297860 821
309068 5662
287560 2347
189664 7452
220083 4109
297860 1222
305642 857
267605 4001
267605 6461
267605 3465
318290 9475
232808 7215
326428 5187
267605 6241
297860 4150
212138 504
267605 2342
403873 6908
272916 8842
232808 8532
370983 8323
370983 5735
189664 2910
312976 6732
297860 8208
316851 5173
199920 676
256670 3492
267605 4630
294154 3761
411908 693
211727 3252
235376 6746
431175 8858
232808 7417
220083 9247
256670 5889
184307 7178
370983 6469
267605 9002
370983 278
240830 6277
220083 4659
240830 2667
256670 4581
220083 2653
240830 3156
250328 4685
211727 6760
267605 5400
470395 5592
272916 1961
201663 9633
279650 3588
358032 9296
212138 2268
389874 7139
431175 1199
297860 5479
244913 98
212138 6298
256670 8123
344996 660
287560 6180
235376 3548
232808 9260
211727 4771
240830 501
431175 1310
232808 3481
470395 1585
488203 1975
498699 6850
403873 1102
370983 7261
294154 7926
211727 4650
470395 8595
267605 2044
470395 8729
267605 4324
435176 1848
335699 1719
272916 2681
335699 1329
199920 2747
344996 5861
199920 1850
240830 5335
235376 6290
297860 6598
470395 7708
370983 1778
348801 8385
326428 6258
403873 7600
220083 7195
193349 4566
266784 3961
189664 3491
211727 699
211727 3355
279650 8235
272916 9147
193349 6449
184345 582
220083 1487
326428 3486
267605 3799
309068 3827
470395 2930
308623 3143
232808 4925
358032 9522
420805 657
332457 9351
335699 4310
358032 7600
389874 6502
294154 9539
348801 1159
220083 8018
266784 2263
431175 2451
232808 9533
256670 3499
447325 7714
358032 9602
256670 6220
279650 8201
225054 4433
316851 7580
287560 3477
220083 579
370983 7851
389874 5360
389874 802
305642 620
435176 3802
279650 1422
297860 1107
312280 7915
312280 2448
389874 9580
420805 3249
189664 7351
212138 8470
212138 5118
389874 4562
420805 3790
240830 9095
235376 8127
212138 4313
211727 6335
267605 8963
405069 1216
272916 4484
447325 4600
344996 204
267605 7206
405069 8113
344996 5776
267605 5883
211727 2398
297860 9472
211727 6179
279650 6097
431175 8001
335699 877
335699 433
272916 4399
297860 4698
267605 1889
309068 1950
335699 1917
305642 3113
405069 2721
316851 1916
212138 9171
193349 8111
281825 7412
240830 9111
325284 263
395373 2395
309068 6381
457433 2902
305642 8647
294154 866
212138 8524
220083 4833
447325 2999
244913 5092
240830 9020
332457 7666
308623 2928
335699 4590
435176 10
240830 9853
332317 3681
211727 3494
267605 9952
287560 6663
201663 4924
240830 6701
256670 4637
267605 7837
332317 5359
220083 5436
358032 97
370983 2118
294154 7621
326428 115
267605 2268
267605 3743
240830 9950
240830 4468
326428 7032
370983 8596
326428 4569
279650 7845
305642 9374
267605 1159
297860 1463
272916 4383
405069 5916
488203 3932
326428 4780
287560 1173
272916 2637
312280 3464
230632 3975
370983 6799
220083 8083
326428 8533
470395 5763
470395 7713
332317 3533
389874 5013
220083 5613
312976 4469
305642 9493
371633 9118
308623 8105
305642 5909
267605 184
420805 8415
240830 8766
193349 8333
211727 5509
294154 7875
297860 9451
183787 6867
405069 3514
232808 2278
344996 7378
500324 7849
309068 3715
431175 6537
297860 2699
184307 9860
348801 3327
358032 5659
211727 241
342205 3025
370983 5051
395373 6529
500324 1779
220083 3663
183787 5742
256670 2300
220083 5686
240830 7892
267605 5028
389874 6039
272916 8454
431175 9435
267605 2016
308623 2364
267605 5510
358032 1868
279650 1038
309068 6405
305642 119
230632 2785
370983 6367
201663 1281
240830 4835
325284 7987
279650 2777
184345 1027
279650 6626
470395 9403
420805 637
267605 1934
279650 2585
279650 5516
312976 8785
312280 6671
325284 2677
240830 3498
211727 2009
225054 3589
240830 4531
297860 788
250328 3659
212138 1908
358032 2131
415660 8345
431175 1351
232808 4831
358032 5218
312280 3447
220083 7465
470395 8270
272916 7090
232808 4130
389874 8524
326428 3008
225054 5475
470395 1236
366712 5498
201663 1232
279650 9232
335699 1959
184307 8286
403873 4424
358032 57
266784 23
279650 3855
312280 3902
240830 9449
305642 885
420805 7424
420805 2099
332317 2890
405069 3638
184307 1132
244913 92
332317 9917
348801 9033
470395 6630
389874 9275
389874 5072
370983 8218
279650 27
335699 9083
267605 650
232808 8846
232808 6315
389874 5610
279650 2513
199920 7856
297860 2581
326428 3839
272916 1969
417518 8483
389874 1213
267605 9182
240830 7735
266784 7903
358032 3511
342205 1949
244913 1069
220083 9761
240830 2705
267605 4709
266784 326
201663 8126
305642 832
272916 9178
370983 3970
294154 9726
415660 7860
256670 3524
371633 2751
370983 9076
199920 9516
279650 3041
348801 6291
312976 492
470395 2402
309068 5924
220083 3551
267605 6247
444010 1871
389874 4093
272916 5986
344996 866
435176 6002
235376 3700
500324 3737
240830 6536
405069 9364
344996 6131
176020 1136
212138 3870
220083 6649
358032 9260
240830 6738
287560 6021
294154 4522
272916 8437
309068 749
389874 6499
267605 5381
405069 2173
211727 5093
470395 9395
244913 4443
225054 3386
235376 6068
184345 9523
358032 3626
417518 7595
457433 9164
308623 7847
358032 3778
473917 7305
225054 1240
308623 8297
232808 4459
431175 642
470395 6609
342205 8090
267605 35
184307 6828
389874 1288
389874 5874
470395 2231
267605 9038
420805 1360
435176 4761
325284 1488
211727 7190
201663 9126
211727 2259
309068 228
220083 9488
326428 4623
256670 1471
370983 7349
366712 3775
470395 2729
212138 1845
470395 2165
316851 1981
348801 4658
211727 8199
415660 715
420805 3082
484527 4679
279650 4232
348801 398
256670 5210
294154 4668
220083 7249
417518 9361
452877 6279
267605 4894
431175 8726
212138 5986
309068 2500
389874 9801
240830 6540
279650 1441
220083 8723
212138 7050
370983 8457
225054 2527
447325 2803
240830 8388
281825 6675
305642 9877
266784 3820
225054 1438
244913 5458
266784 7230
272916 8791
244913 7672
452877 2963
435176 6538
272916 8086
279650 863
272916 7496
294154 6813
230632 7222
211727 3500
256670 5449
256670 4787
232808 3166
325284 126
240830 5613
509003 8463
256670 7442
266784 919
305642 3718
267605 9875
389874 5262
287560 6517
403873 487
366712 8261
452877 5980
294154 2972
267605 7530
305642 6972
256670 2038
470395 7898
212138 550
199920 3455
184307 1392
305642 8914
358032 8645
358032 784
297860 6598
370983 4705
344996 2111
316851 192
225054 34
420805 4108
457433 4076
449822 6169
220083 4571
312976 4497
348801 5428
326428 6360
417518 7758
344996 4081
240830 3793
281825 2604
297860 5713
193349 1127
435176 4321
256670 124
457433 7417
452877 3218
431175 7461
266784 970
267605 4465
244913 4667
267605 3657
184345 8240
309068 1244
348801 4909
294154 2029
212138 4372
342205 2342
305642 8588
256670 9077
266784 3525
267605 9077
344996 4567
297860 8660
431175 1357
309068 3100
325284 7307
415660 9448
225054 6047
220083 3705
279650 6754
272916 4522
344996 5014
267605 5358
411908 345
344996 7397
220083 4544
287560 9460
389874 3286
417518 5800
297860 7665
415660 8001
431175 9140
326428 8679
309068 3479
435176 117
189664 8186
294154 7983
267605 4434
240830 7527
344996 693
325284 1418
267605 8510
397768 3262
420805 6792
220083 3996
279650 4333
211727 1899
435176 9541
389874 8678
201663 3331
308623 2812
312280 890
447325 6350
316851 3559
332317 2297
312280 2630
332317 7495
309068 993
358032 3348
431175 1176
294154 6834
366712 717
267605 6482
358032 2771
309068 361
370983 9334
287560 5357
344996 5032
431175 9290
326428 6981
189664 4460
211727 1249
201663 7376
405069 8427
220083 5826
240830 8731
235376 427
267605 701
335699 1697
240830 2917
199920 2622
232808 3969
344996 7792
312976 1024
279650 4540
211727 3490
420805 9653
244913 9701
211727 8081
308623 9148
332317 7224
220083 60
366712 8716
358032 7021
240830 4624
267605 9768
312976 8926
344996 2455
240830 94
332317 7806
405069 4948
305642 8604
189664 9645
232808 7842
325284 3107
332317 3225
240830 9056
389874 9862
225054 2241
447325 9292
415660 4349
244913 8284
244913 7617
447325 4589
193349 6420
240830 8362
232808 2460
344996 6827
389874 664
272916 9174
420805 7250
431175 3590
232808 6073
267605 262
309068 8596
201663 5379
240830 4839
266784 3247
358032 8245
220083 9956
297860 67
267605 4338
326428 6277
294154 5029
235376 2700
335699 3797
189664 7440
389874 4222
272916 7749
447325 6393
256670 9025
211727 9678
370983 7450
266784 6523
309068 5504
256670 9275
318290 2782
366712 7307
272916 8062
272916 1059
266784 3627
326428 933
488972 9615
240830 5002
199920 2539
308623 4228
199920 5223
279650 7683
240830 4267
272916 2954
370983 2424
449822 1995
420805 6175
447325 6855
370983 8828
256670 5729
482566 6365
309068 2657
389874 9040
370983 8239
370983 456
235376 5788
199920 6395
211727 240
358032 7991
358032 2379
287560 5012
344996 7310
256670 9420
370983 9340
244913 9315
509003 1257
189664 2308
267605 8326
332317 8855
230632 94
279650 656
267605 9407
397768 2520
212138 4732
230632 9767
279650 9600
305642 7128
305642 3084
199920 8310
420805 9123
279650 7443
420805 2048
225054 5002
220083 8246
431175 659
266784 8322
312280 8601
240830 6898
431175 2717
287560 2408
279650 8661
370983 231
370983 4660
220083 7543
309068 5724
484527 6442
506029 2394
309068 7934
211727 4106
358032 2848
405069 6527
232808 5653
256670 520
473917 4976
297860 7085
267605 1233
266784 4277
309068 3356
279650 2322
405069 1228
267605 9650
342205 1015
240830 8593
370983 5372
342205 5931
201663 413
452877 564
470395 2138
267605 3147
201663 172
220083 854
335699 3603
305642 7320
240830 5399
279650 1639
415660 9572
266784 5754
342205 3485
267605 8312
211727 6069
232808 765
256670 7128
201663 9241
272916 2114
344996 4490
211727 3477
240830 2963
389874 7902
211727 9299
211727 3492
431175 2760
366712 4320
358032 1425
232808 4276
470395 5565
272916 4687
240830 6814
201663 1993
358032 8907
294154 2246
281825 4670
211727 7343
335699 2228
294154 4881
256670 1875
193349 3851
403873 1459
250328 8023
199920 82
435176 3783
244913 6268
335699 4675
431175 5419
244913 8004
342205 2011
344996 1088
305642 3328
183787 3683
287560 4262
395373 5417
470395 5962
267605 3492
470395 8330
431175 176
174998 2055
211727 6882
305642 1040
220083 3816
267605 2783
220083 3424
199920 5127
272916 2576
411908 7544
297860 6304
297860 6492
447325 6071
506029 3506
220083 8957
370983 2807
308623 5596
287560 21
256670 8999
484527 4421
325284 3972
212138 6460
370983 4407
272916 7061
389874 9926
309068 706
309068 1029
267605 2437
500324 7382
184345 1045
279650 8253
389874 6366
240830 1579
220083 6162
267605 1074
266784 2330
358032 7520
279650 4445
344996 6602
240830 5381
272916 1186
358032 2711
316851 1186
348801 1235
316851 5600
335699 763
389874 3221
287560 1770
240830 1902
389874 4935
235376 8567
305642 89
344996 2486
211727 6615
256670 8604
184307 7339
358032 2932
332457 2694
235376 9420
267605 401
326428 2558
220083 9851
256670 9383
389874 1455
240830 7949
256670 4475
244913 1691
326428 2144
397768 4226
325284 4268
326428 2592
332317 212
447325 4675
389874 9748
366712 8355
447325 4248
309068 5309
212138 7378
240830 2583
272916 7394
420805 1902
230632 1877
297860 7909
348801 4603
484527 8033
279650 7420
326428 3987
326428 4226
267605 8728
470395 6386
220083 8321
309068 9538
220083 1260
470395 5128
240830 7595
312280 9761
484527 800
309068 4805
189664 2208
484527 7866
473917 1968
344996 9315
358032 4289
240830 6115
312976 1073
417518 993
297860 411
220083 2770
189664 6773
281825 7403
309068 2811
220083 8496
470395 1117
211727 1924
267605 3247
212138 887
211727 4596
325284 7074
370983 4168
332317 4386
184307 4111
498699 9808
267605 9259
256670 6466
332457 291
193349 7841
309068 5718
240830 3052
220083 7091
420805 461
279650 6943
309068 4086
470395 6521
212138 3878
183787 3074
332457 6140
332317 1112
220083 4485
332317 5471
267605 9227
316851 17
267605 1267
220083 7851
272916 817
405069 3505
294154 8858
176020 3169
272916 4661
305642 9438
470395 4187
470395 6243
498699 7400
420805 8649
256670 5270
470395 7981
312280 2570
309068 2375
342205 4281
193349 708
267605 2233
326428 6337
389874 2775
297860 2227
309068 3153
244913 7012
305642 4797
235376 7472
389874 2366
240830 1325
212138 8229
256670 389
230632 8576
240830 1083
199920 9411
389874 4026
358032 410
358032 7633
348801 1236
199920 4067
500324 6761
309068 5970
332317 646
335699 7915
484527 8545
220083 2846
211727 632
370983 6408
447325 1703
405069 1649
220083 4574
366712 5189
297860 3525
232808 454
420805 1001
240830 5084
267605 8636
417518 4064
267605 7782
395373 7221
389874 9653
235376 3189
230632 6230
332317 1256
232808 6747
211727 5844
232808 418
435176 4727
397768 3366
488412 3837
240830 7586
470395 7234
370983 9538
405069 1730
184307 7232
240830 995
397768 6112
267605 558
272916 8121
447325 3503
344996 5987
484527 8984
240830 3453
411908 3448
256670 8618
447325 6378
484527 3567
389874 1383
256670 1688
183787 5386
370983 2725
348801 2678
272916 4258
358032 3375
395373 5439
189664 8877
305642 6362
344996 5291
403873 336
344996 8304
342205 1735
309068 6940
415660 3919
447325 9296
272916 6493
244913 5432
256670 7540
344996 7010
279650 1512
199920 8711
452877 9965
279650 9530
272916 4684
244913 5965
335699 7636
199920 9517
335699 4506
240830 2845
318290 1413
342205 3427
232808 7146
279650 4322
370983 6062
266784 2441
297860 1215
189664 1132
272916 9645
344996 5011
370983 4079
366712 8439
212138 2948
435176 7055
405069 5899
232808 4581
232808 4136
370983 9184
240830 5952
358032 9219
272916 4495
287560 4581
470395 4900
305642 4250
420805 6990
294154 1440
358032 3926
189664 8871
405069 1136
482566 7046
220083 6075
312976 5771
470395 2978
358032 9253
470395 5078
305642 7094
309068 5921
447325 2816
370983 775
366712 2681
326428 9532
447325 5230
232808 168
457433 4881
309068 1730
244913 2373
297860 1828
256670 7222
193349 8694
420805 536
279650 3055
309068 9872
232808 8129
498699 5530
232808 1521
272916 1845
335699 7041
256670 120
220083 9098
415660 7882
211727 546
211727 5352
326428 8668
370983 3266
297860 7137
370983 5261
431175 3587
199920 9307
470395 5942
415660 2860
316851 3716
332317 6321
256670 1309
305642 2391
358032 9892
267605 3748
297860 7058
344996 9916
389874 3935
405069 8627
332317 3508
470395 8326
201663 199
415660 1646
344996 3159
431175 1413
305642 9417
389874 4737
256670 5960
389874 5807
272916 4811
267605 8319
256670 4101
272916 2742
325284 7177
279650 2281
212138 2292
240830 6994
211727 3488
256670 7572
230632 601
267605 8006
183787 5366
256670 2252
312280 1728
358032 6425
305642 9480
305642 5931
256670 6000
294154 2278
297860 1475
232808 2568
256670 8296
267605 7484
420805 6857
435176 9859
348801 6756
305642 2472
332317 5111
370983 1980
235376 8582
366712 4252
267605 4927
397768 7380
220083 1474
389874 6698
267605 6357
344996 2313
199920 933
184307 3833
342205 2276
211727 9665
220083 71
272916 5970
444010 4802
344996 6203
305642 6642
484527 7533
447325 8018
189664 4230
470395 2542
279650 7621
500324 8982
267605 2143
435176 7803
256670 9779
366712 3328
201663 8640
335699 7880
470395 4052
332457 8611
370983 5921
420805 3843
225054 1266
342205 5610
309068 2003
256670 1283
435176 9927
332317 3438
272916 2927
370983 1166
256670 3970
420805 1638
297860 7372
272916 5270
220083 2345
176020 7359
417518 6812
452877 8383
389874 1337
232808 3503
266784 8267
370983 1067
305642 5562
389874 6165
420805 673
470395 2353
211727 2036
397768 5123
240830 3541
189664 8632
342205 3445
240830 2468
370983 1549
312280 5569
415660 3537
305642 9948
244913 9626
420805 9378
240830 3053
267605 9948
348801 9458
272916 1121
498699 7310
244913 5051
366712 8754
326428 5199
470395 4541
389874 3396
211727 9218
358032 4306
176020 8034
294154 1438
267605 8871
256670 9835
358032 8751
405069 4841
220083 800
256670 8001
267605 9586
444010 4675
389874 6081
498699 2239
211727 36
312280 7378
344996 460
235376 480
256670 8516
267605 9842
281825 3835
470395 3954
431175 5434
235376 9053
498699 6446
312976 4509
279650 6767
420805 3469
358032 7482
256670 1176
332457 3603
431175 952
305642 3472
272916 7422
240830 9084
294154 429
193349 444
348801 7755
447325 9562
309068 6745
309068 9430
344996 8699
244913 2874
309068 8423
506029 3381
225054 9017
312976 1195
267605 8639
326428 7740
389874 7175
335699 5384
267605 7446
279650 6852
267605 450
240830 5789
294154 2564
211727 6211
325284 1309
240830 7197
397768 8972
309068 8101
279650 7281
279650 6617
230632 3901
235376 8787
431175 8996
220083 2363
297860 9892
267605 949
287560 2885
266784 9401
220083 7162
211727 8700
484527 2013
389874 1707
420805 8520
189664 3181
297860 5562
447325 4460
235376 6486
220083 7594
389874 2862
184307 926
305642 8804
403873 3011
230632 8134
240830 1886
397768 6647
344996 182
326428 2411
417518 9547
225054 6569
256670 2350
272916 5893
335699 858
312280 1758
297860 4325
348801 6878
256670 6823
272916 6089
267605 1712
267605 249
220083 588
344996 6863
358032 7776
470395 8772
348801 9346
308623 8743
389874 240
256670 6589
220083 8952
457433 9145
267605 5765
287560 4930
230632 1357
287560 8725
447325 6366
312280 2485
266784 9366
447325 6907
267605 3776
267605 4395
294154 2205
411908 7146
211727 6434
226997 8301
305642 5700
267605 4840
470395 1591
370983 4627
240830 4956
232808 3854
199920 6341
279650 1328
437272 7078
240830 1492
267605 6945
232808 717
267605 6335
267605 6753
232808 6982
232808 3967
279650 3190
266784 7705
256670 1305
267605 5480
267605 8970
279650 9555
272916 151
220083 3659
272916 2331
279650 4525
309068 5164
305642 7176
370983 3760
266784 1177
447325 4191
332317 6353
232808 3488
403873 2784
267605 1832
305642 4934
230632 4598
232808 2155
457433 8913
279650 1238
389874 6118
232808 7866
279650 8412
484527 2753
244913 8639
309068 8753
279650 2180
256670 8268
220083 6130
482566 3126
211727 676
370983 4879
332457 1933
266784 4300
444010 7408
232808 7317
240830 5023
267605 6620
420805 9074
211727 3313
211727 6070
348801 3796
370983 8149
232808 8398
309068 2043
199920 8505
267605 4848
389874 2622
312976 4658
470395 2640
232808 6733
294154 4553
348801 917
431175 2003
294154 9655
484527 1802
272916 3895
420805 8507
201663 3829
318290 9329
267605 9285
230632 3282
370983 9101
220083 875
220083 59
326428 4038
220083 7140
279650 9794
403873 1654
447325 5144
240830 4049
199920 4774
201663 5481
358032 9470
370983 9936
405069 661
370983 1791
244913 339
256670 3871
267605 9960
212138 3381
431175 3736
309068 9929
240830 9891
431175 8982
335699 2707
420805 9334
309068 4479
256670 5150
297860 5468
279650 7626
305642 8732
266784 4608
240830 286
335699 1162
212138 6398
370983 5982
193349 8147
348801 446
435176 1877
389874 8898
370983 9168
370983 6980
389874 6339
389874 6634
405069 9360
316851 5233
332457 2970
266784 2700
309068 5880
220083 465
370983 5509
309068 6619
184307 5672
212138 3400
240830 8531
232808 617
309068 8918
220083 8339
279650 4547
473917 2284
212138 5196
266784 9987
267605 2124
193349 3462
348801 6030
420805 4131
389874 7744
267605 1525
405069 7886
335699 4670
389874 4959
199920 1735
326428 2183
279650 8918
240830 1943
297860 8890
509003 5580
447325 4910
305642 5423
272916 2137
240830 211
267605 8949
417518 8722
199920 5944
415660 1835
189664 2525
266784 6550
389874 5309
344996 3242
305642 4363
457433 8881
484527 3577
220083 5812
452877 6943
473917 7259
294154 5971
305642 3097
470395 7813
417518 6405
332457 6176
279650 8413
256670 4145
220083 1191
447325 1364
220083 8009
470395 8092
431175 5382
420805 2564
256670 8296
473917 1160
389874 8111
488203 6119
281825 9113
232808 639
220083 9659
267605 7804
309068 7072
431175 4839
417518 5714
176020 7371
297860 8130
344996 5557
389874 9847
230632 7680
256670 367
447325 1312
312976 1959
344996 160
232808 1812
358032 387
457433 5741
332317 9006
297860 1122
184345 8354
470395 5108
225054 711
240830 6069
305642 2284
220083 644
220083 9602
447325 1680
201663 533
309068 9943
240830 6253
435176 9347
201663 2283
240830 8563
389874 2256
309068 249
370983 2521
232808 9498
470395 4047
370983 5656
457433 932
297860 1907
305642 9629
199920 5552
484527 3203
212138 8664
344996 1619
211727 1916
232808 6722
358032 7478
184307 2018
370983 9065
272916 3902
267605 6732
267605 7807
211727 1137
272916 6197
232808 971
232808 8728
420805 6192
309068 8946
316851 8352
344996 9990
281825 2805
342205 9155
326428 5121
415660 8451
370983 2398
447325 2076
287560 5102
332317 1060
358032 7245
447325 3935
287560 1952
420805 2477
447325 1465
309068 4922
435176 234
470395 5503
305642 8585
305642 467
431175 6303
370983 5947
201663 1601
279650 6109
256670 1067
312280 8512
431175 554
230632 6619
370983 110
211727 3614
470395 1017
420805 3270
403873 7736
256670 9318
235376 9720
279650 5935
199920 2110
232808 8764
417518 4210
435176 4404
240830 5219
370983 4374
420805 6772
316851 5048
211727 9154
358032 5841
240830 363
447325 193
272916 8204
232808 7371
220083 1151
389874 713
212138 633
348801 3297
232808 8347
358032 2877
342205 933
342205 2287
201663 1678
305642 4734
220083 2594
435176 2970
370983 2884
220083 6719
287560 8412
473917 8612
370983 5609
332317 3119
244913 3622
297860 9584
335699 220
267605 9895
389874 519
294154 2047
294154 1266
389874 3993
212138 3783
305642 4994
240830 6186
256670 3340
484527 6604
325284 3155
199920 5826
358032 962
325284 2888
366712 9750
488412 4704
244913 222
370983 511
447325 822
332317 4714
220083 3882
348801 5073
240830 6796
370983 518
240830 3955
344996 3700
256670 1563
335699 2335
389874 8009
266784 7501
312976 7494
470395 813
220083 5384
235376 7390
342205 4993
444010 4173
189664 1156
389874 5571
193349 8201
470395 8803
344996 3213
256670 1157
176020 370
420805 2707
201663 5171
435176 9701
370983 3531
305642 8573
256670 9108
309068 8495
305642 2411
312280 7137
509003 4215
279650 8622
403873 705
312280 5202
240830 68
199920 8071
342205 3436
220083 1976
344996 5455
211727 7852
370983 572
267605 541
279650 3089
470395 4985
201663 3127
358032 2989
281825 766
470395 4040
220083 2816
366712 8689
397768 9016
272916 8801
266784 1512
256670 9903
389874 2952
232808 4824
389874 6949
240830 6698
279650 5912
447325 7454
344996 6118
332317 5373
232808 7781
220083 2868
332317 1471
294154 6415
189664 1281
256670 6468
294154 2774
256670 9645
431175 6395
309068 5015
444010 1578
389874 727
267605 9087
211727 2211
305642 4079
308623 7205
403873 6960
240830 8214
240830 1652
358032 5596
240830 1143
240830 3381
220083 1436
256670 9393
335699 3275
332317 3292
240830 4009
232808 6002
266784 7810
358032 9722
309068 1235
305642 1406
211727 5355
267605 1181
309068 5192
232808 8649
297860 7306
272916 9695
389874 3726
348801 4147
232808 3365
358032 9761
326428 9655
240830 2835
294154 1939
344996 9939
348801 5547
431175 6736
256670 6135
308623 5735
473917 8640
312976 7027
279650 7133
240830 875
220083 6669
452877 7345
256670 2941
452877 7665
342205 5983
240830 5381
484527 9363
240830 5739
335699 9937
279650 288
267605 3360
279650 354
184307 1330
201663 4793
240830 3946
212138 2770
348801 351
316851 3382
212138 4698
420805 6785
211727 7134
211727 4467
220083 9653
220083 2685
325284 1020
332317 6428
415660 8156
230632 4397
267605 5966
184307 7727
431175 310
447325 6328
230632 6379
267605 6367
272916 9112
240830 514
484527 2811
312280 8602
240830 5940
389874 2420
411908 4520
297860 56
297860 7950
201663 5724
279650 6827
309068 9164
193349 3022
256670 7631
435176 3164
405069 2844
272916 928
272916 8501
316851 6614
389874 3256
405069 1240
240830 4155
335699 2351
332317 8592
232808 6440
272916 4266
240830 7605
305642 1841
232808 2601
267605 620
279650 2496
470395 9514
267605 5722
211727 5014
256670 8626
232808 17
176020 5916
297860 4989
199920 3299
326428 4880
279650 1093
405069 6278
220083 9365
482566 9089
266784 1311
256670 5623
240830 17
305642 8226
240830 5906
358032 4834
232808 6342
389874 8322
332317 9126
279650 3123
272916 8678
305642 9821
397768 8906
389874 9960
370983 4788
279650 4455
389874 2414
389874 5358
431175 3822
267605 2374
240830 7698
212138 623
435176 9522
297860 777
240830 8162
312280 4819
240830 4826
389874 9615
240830 6617
256670 8985
309068 5988
449822 6319
184307 1770
498699 7388
272916 4258
220083 1215
389874 9236
389874 1966
389874 1361
267605 7725
447325 9247
417518 5634
342205 8877
240830 1786
389874 9499
488972 6288
420805 2865
230632 3656
294154 8559
457433 5998
267605 3847
211727 5640
211727 1101
389874 6699
287560 2090
267605 4627
452877 442
405069 4797
189664 8667
211727 39
266784 9173
225054 5606
370983 5436
389874 2452
431175 6955
312280 4461
211727 4258
267605 8590
279650 4079
358032 8102
266784 2039
201663 5547
312280 4134
344996 741
220083 413
312280 9908
309068 2200
431175 4130
193349 796
312280 1054
305642 5653
420805 5926
294154 2575
498699 6003
405069 7073
220083 8869
256670 1390
473917 9919
201663 7254
332317 1604
344996 4607
266784 2490
240830 9810
332317 3416
220083 2519
470395 2047
335699 1541
358032 8763
220083 5374
312280 7700
256670 4212
309068 5895
397768 7440
389874 4247
348801 7769
335699 555
220083 8963
309068 6776
309068 2588
240830 8299
235376 8994
201663 5865
326428 9118
348801 1918
358032 5610
415660 8893
279650 4650
431175 4098
199920 6411
240830 2146
389874 62
297860 2907
279650 6423
498699 8005
470395 4228
267605 9529
240830 5002
370983 5915
240830 8760
189664 3342
470395 3834
297860 6672
344996 1342
267605 2079
267605 851
189664 9586
318290 2955
240830 7821
183787 4842
281825 7556
279650 7423
281825 678
370983 1667
420805 7053
500324 3854
272916 6747
279650 855
220083 8609
232808 1363
312280 825
279650 2537
309068 1501
235376 8922
305642 7542
344996 788
199920 9028
220083 6231
332317 449
267605 7957
211727 4000
199920 4389
266784 9983
484527 4270
220083 4888
370983 9906
470395 7732
212138 9267
389874 2545
212138 6226
342205 2392
389874 243
344996 9922
358032 8601
297860 6199
297860 1201
232808 4406
342205 9607
211727 6744
212138 5216
370983 7220
279650 739
256670 9536
305642 7162
279650 1406
266784 328
240830 7350
370983 9295
358032 7521
358032 8534
447325 7440
325284 964
240830 9729
305642 8885
389874 5842
305642 859
266784 3350
420805 8363
189664 7270
348801 5094
240830 8986
484527 8332
220083 4020
225054 8937
244913 3482
297860 2438
183787 656
272916 3388
297860 1419
309068 7810
256670 8423
389874 7265
358032 8344
308623 6165
256670 4506
240830 7808
240830 32
405069 881
211727 8736
297860 9325
211727 7073
240830 1404
225054 6867
272916 1970
212138 2098
305642 3050
335699 8656
417518 7269
256670 1211
272916 8261
272916 6200
272916 862
272916 9524
332317 7137
389874 5448
444010 9817
470395 1431
211727 2276
287560 6154
267605 6097
220083 4183
201663 2416
189664 7975
332317 4679
287560 2993
183787 1900
297860 5713
279650 3070
344996 5961
488412 922
279650 558
211727 9387
470395 9665
389874 1125
358032 8120
498699 3236
342205 9889
272916 5117
470395 3013
189664 105
405069 4683
415660 3575
435176 6800
332457 8356
267605 9712
484527 9896
193349 2287
244913 908
420805 2730
232808 4123
184307 2259
211727 309
309068 1665
335699 547
389874 1669
470395 4625
417518 1236
411908 3422
272916 4605
316851 9834
358032 5713
305642 6579
312976 8589
287560 7057
189664 8509
312976 6943
342205 2880
308623 5133
325284 4434
279650 9538
267605 1015
389874 5787
415660 4221
305642 7421
267605 1271
267605 4546
281825 1689
348801 8802
452877 7454
389874 62
312280 7576
405069 4936
232808 1394
287560 4720
326428 6579
267605 6787
452877 8334
470395 4101
267605 2278
235376 9605
316851 283
389874 572
266784 9484
344996 1906
232808 2005
267605 5365
470395 8170
389874 5214
389874 266
420805 6544
335699 1440
256670 571
279650 7954
358032 8624
211727 3817
470395 8362
279650 8480
267605 2062
220083 4883
232808 6831
326428 1062
431175 2946
335699 9737
335699 5258
305642 8318
232808 1095
272916 1658
256670 8040
389874 4351
240830 906
405069 6945
240830 9988
201663 5120
193349 1302
452877 3406
371633 9645
325284 6782
267605 3245
312280 736
267605 7019
420805 684
312280 1925
294154 2350
211727 5043
244913 848
348801 7504
232808 7250
305642 1423
297860 9682
405069 1341
240830 3339
211727 7458
297860 1978
199920 2317
335699 8247
220083 1769
484527 1003
444010 1589
193349 8964
287560 2853
240830 4757
325284 8115
435176 6478
326428 6093
431175 1632
297860 2054
232808 9809
256670 6800
240830 9640
240830 6084
366712 2375
305642 1503
256670 3258
189664 433
267605 893
309068 7553
309068 950
309068 3692
211727 1723
272916 5685
389874 9263
220083 4387
279650 2885
240830 3079
348801 4915
312976 2980
389874 2581
199920 4639
444010 5253
244913 7262
420805 2475
184307 6586
344996 3272
220083 9682
211727 3643
470395 3749
272916 5822
212138 6415
201663 3377
232808 4101
235376 4751
225054 3978
326428 4542
256670 8732
389874 3829
279650 9836
256670 6149
279650 8021
389874 7430
240830 3582
358032 4257
220083 4675
199920 5954
279650 4287
256670 9176
389874 8593
266784 4691
272916 6422
256670 2265
267605 9450
872898 1460
326428 6927
447325 1540
370983 1017
318290 25
201663 1022
184345 5791
176020 4217
267605 739
279650 761
420805 2864
244913 43
470395 6298
370983 3370
437272 3102
220083 3284
212138 2861
484527 8300
220083 936
266784 1647
348801 6874
230632 875
397768 1150
447325 3172
220083 4738
240830 6432
435176 4118
335699 7617
211727 2046
184307 418
189664 9472
405069 4684
279650 5036
232808 3983
244913 7183
305642 2107
272916 8712
267605 768
220083 8434
266784 2773
370983 1676
389874 8078
335699 7966
256670 8098
344996 5297
279650 1560
279650 4803
193349 1302
279650 626
189664 9855
220083 8525
240830 3484
211727 1950
294154 9617
342205 2836
305642 5410
389874 3623
184307 6541
183787 7412
370983 3065
193349 3327
220083 4252
294154 192
232808 1721
358032 3500
256670 4813
405069 8313
312280 8431
211727 1552
309068 1206
240830 329
279650 8180
279650 268
348801 786
366712 4354
244913 6846
199920 9472
447325 4808
174998 8615
389874 5730
309068 7279
220083 2977
294154 9534
358032 6831
230632 920
279650 6485
240830 2177
325284 2034
305642 1608
312280 7715
335699 7671
366712 5429
266784 505
189664 1646
370983 4557
211727 6889
230632 1192
199920 9384
256670 387
267605 1853
267605 5646
235376 4619
184307 9692
232808 8191
403873 3188
272916 3385
305642 1542
272916 3246
240830 760
389874 2903
199920 3006
297860 8511
232808 743
335699 4256
267605 5363
344996 7263
240830 2206
358032 9222
176020 7583
470395 9623
417518 8180
235376 2002
240830 276
470395 7215
266784 2900
309068 8707
244913 9768
220083 7704
309068 1704
488203 4361
305642 3735
220083 9055
201663 4496
232808 9461
344996 2640
220083 7036
308623 6081
370983 5529
189664 17
279650 5470
176020 685
220083 51
309068 9200
358032 2275
240830 6386
294154 391
358032 844
332317 1578
344996 2938
344996 6818
332317 1529
220083 7761
498699 4064
294154 7806
267605 6279
272916 7658
309068 4206
305642 3633
308623 5867
389874 9374
211727 2736
256670 9729
279650 2540
309068 8881
220083 222
294154 8702
358032 7063
256670 6202
184307 1619
232808 8879
279650 5536
470395 2887
235376 3551
267605 9269
212138 518
294154 3271
389874 4314
279650 1734
199920 4071
240830 8161
312280 5010
294154 4822
348801 2666
232808 8846
267605 5165
232808 9535
212138 3512
358032 1636
389874 5454
250328 1061
240830 2467
452877 1954
342205 447
272916 1571
256670 2484
212138 7146
297860 1723
244913 6801
212138 7224
279650 1575
240830 4133
405069 3629
297860 3334
500324 1691
267605 1880
332317 8195
397768 3821
470395 1069
232808 3812
279650 2937
415660 8385
267605 7929
184307 6539
267605 8667
509003 7936
267605 3259
484527 8734
312976 6668
325284 6893
484527 3838
240830 1365
312976 8286
370983 277
232808 7040
437272 1527
240830 9249
279650 7975
342205 8302
452877 9289
220083 8373
435176 7302
403873 2484
256670 9325
199920 2319
447325 4784
452877 6181
405069 12
370983 2567
420805 3066
211727 8358
220083 383
279650 6335
220083 5766
279650 8659
279650 6135
309068 1962
316851 8421
470395 2648
279650 142
348801 3469
201663 1987
389874 7538
389874 7605
272916 2526
305642 5668
344996 5124
272916 9472
344996 4875
199920 5753
420805 7038
294154 5092
279650 6166
358032 6198
447325 29
370983 4706
312976 5188
279650 9622
272916 1077
211727 5182
279650 2606
305642 2876
279650 2192
366712 2499
344996 3337
232808 8739
240830 8827
397768 6071
389874 7467
279650 2022
370983 4647
294154 1213
279650 3121
389874 5723
435176 3508
437272 3706
272916 26
294154 7188
389874 2798
272916 5547
211727 2540
470395 6851
420805 8050
358032 155
335699 2513
230632 1277
370983 8254
267605 4380
193349 7425
325284 8021
266784 4736
230632 1044
266784 2266
447325 4741
312976 1300
199920 1887
256670 924
267605 4801
332317 5994
335699 1523
470395 1962
431175 3569
220083 7940
358032 4343
232808 7288
266784 7719
325284 9262
358032 8988
256670 3018
267605 4092
411908 8170
232808 1591
389874 6724
342205 1103
212138 8350
267605 6733
211727 1977
193349 9373
256670 5041
267605 1664
342205 8083
405069 2109
405069 9555
305642 4468
358032 3100
279650 1483
405069 7627
335699 4293
305642 9281
309068 1611
256670 8615
232808 7511
250328 2504
294154 6781
267605 7839
389874 6833
342205 4068
256670 1120
297860 3421
309068 1545
326428 5001
420805 6345
309068 9530
193349 3257
332317 8092
498699 3922
189664 2024
220083 5330
344996 5287
230632 3533
332317 2030
498699 4004
232808 2796
211727 3645
335699 4800
267605 9863
256670 7527
389874 2770
235376 765
294154 5754
308623 3249
220083 7980
272916 5372
240830 601
240830 282
420805 4931
266784 448
232808 9487
326428 664
220083 4433
308623 3520
370983 1744
199920 8932
211727 1502
272916 8585
211727 5884
358032 4503
326428 4316
312976 9911
220083 2179
220083 9552
344996 4087
279650 8418
184345 796
305642 3964
225054 5824
335699 6004
405069 6355
279650 6790
305642 2855
389874 3205
309068 3439
309068 7376
309068 708
256670 2056
358032 7710
305642 1879
297860 9947
431175 6336
358032 8187
335699 7735
344996 2199
267605 6054
309068 5708
256670 1757
389874 3022
370983 115
220083 2899
256670 8109
297860 1051
335699 1998
431175 4089
447325 970
348801 682
326428 4091
297860 4730
389874 3961
193349 3187
308623 9452
279650 2258
370983 267
332457 7467
405069 306
309068 738
389874 9072
211727 4562
272916 7220
417518 250
403873 4663
256670 5447
211727 5188
335699 2150
444010 1883
389874 1086
389874 2152
267605 5227
366712 2950
348801 9462
470395 87
342205 7213
389874 9138
267605 5231
470395 6609
344996 7875
220083 1440
348801 6104
189664 8498
235376 5609
279650 2625
305642 5720
279650 9703
312976 229
484527 2770
420805 9463
220083 268
389874 8408
370983 7485
230632 2610
267605 3434
220083 8371
211727 4840
220083 1345
199920 4361
279650 9902
444010 2785
244913 220
435176 7389
470395 24
250328 7102
500324 9675
294154 4086
267605 9038
294154 1809
267605 2379
267605 3162
417518 7041
470395 1209
199920 7583
267605 7276
389874 3739
470395 2291
305642 6251
220083 4947
389874 2693
389874 5017
332317 8807
420805 6419
370983 9380
358032 9088
335699 6172
267605 7265
447325 6134
344996 224
250328 2948
370983 7259
266784 8136
232808 2843
332317 9923
435176 3989
199920 3945
281825 4930
332317 3734
370983 3183
326428 8061
193349 4995
211727 6241
358032 3661
389874 6212
417518 114
297860 2889
297860 4610
473917 1435
305642 7945
431175 5879
470395 6040
344996 85
358032 1817
297860 1579
235376 8137
308623 4550
256670 3284
305642 1290
389874 9953
272916 1807
212138 117
220083 8934
220083 4447
297860 5715
389874 779
370983 8707
211727 1439
488203 9012
220083 3439
326428 7523
193349 6810
305642 233
312280 3291
484527 362
240830 9229
371633 1316
240830 4129
389874 3324
184307 7583
309068 2029
244913 5878
342205 9387
240830 1615
366712 5332
312976 3775
344996 7116
342205 1454
232808 9905
189664 1754
344996 7454
332317 8990
348801 3233
267605 9511
232808 9949
240830 9800
344996 8020
309068 8831
316851 889
431175 1773
366712 1741
225054 9940
344996 965
211727 908
199920 8127
484527 8813
348801 4032
297860 2931
294154 3395
482566 664
370983 1951
431175 4919
305642 2154
344996 6226
325284 2402
267605 1874
201663 5146
305642 8749
420805 6302
267605 425
431175 746
184345 5999
294154 7374
437272 8816
230632 2073
447325 5291
266784 4260
199920 9627
297860 4454
272916 2582
240830 6185
415660 5348
279650 5404
220083 6566
332457 5675
212138 8916
266784 9249
183787 8222
184307 5670
220083 1892
267605 3780
244913 2319
267605 8615
256670 990
389874 95
325284 132
287560 5612
370983 6505
312280 4182
184307 743
220083 6480
370983 2311
449822 3630
189664 277
256670 4210
184307 620
189664 2067
344996 4103
272916 8278
211727 5733
220083 8175
325284 3584
232808 7403
509003 8018
297860 7301
344996 8036
370983 6857
232808 4517
220083 5148
506029 9943
358032 406
325284 9335
403873 6906
235376 1806
370983 4644
220083 4644
266784 8619
389874 3500
250328 5559
267605 2123
332317 7213
342205 2414
457433 9588
312280 9092
470395 1272
266784 185
435176 4741
420805 1896
272916 5568
389874 4097
220083 9234
358032 2109
279650 1514
370983 5582
211727 9644
272916 6366
189664 4881
220083 2787
244913 7006
235376 1554
267605 7776
435176 2559
294154 3454
344996 213
256670 9599
344996 9576
366712 9079
240830 4925
332317 4782
267605 726
420805 5722
279650 2741
358032 6836
389874 1709
332317 9003
294154 7203
358032 1474
199920 9120
457433 3258
279650 4221
220083 4167
309068 7665
309068 3881
411908 1576
272916 7982
220083 8327
230632 9663
240830 3317
220083 2208
256670 1808
348801 950
225054 3587
420805 2131
316851 1472
220083 237
232808 6509
431175 2313
312976 9354
344996 4645
235376 3899
342205 4670
389874 1735
389874 645
389874 4028
184307 4311
305642 8215
267605 3222
267605 7759
220083 705
344996 4125
344996 1076
431175 2747
220083 6206
267605 4493
211727 1758
297860 9074
370983 213
348801 2054
370983 1085
232808 3556
417518 4157
212138 7278
332457 1556
435176 8026
256670 4245
447325 2488
358032 3365
305642 1581
470395 7913
389874 1330
370983 4612
199920 1854
403873 9329
220083 3613
411908 3414
370983 4922
240830 8701
272916 2689
470395 6682
348801 128
457433 1739
348801 5445
470395 8119
256670 9944
366712 3055
230632 7900
272916 9505
267605 7234
250328 6539
420805 8754
211727 4233
335699 8574
240830 1458
267605 9082
267605 1112
370983 999
279650 3706
297860 9158
267605 345
482566 2355
452877 6535
305642 1359
211727 6966
305642 4844
266784 5292
420805 2475
212138 7574
431175 9512
279650 8094
332317 2976
389874 7767
212138 5691
279650 6165
297860 2813
309068 9118
256670 356
444010 6017
332317 466
358032 3674
358032 8664
232808 3531
240830 8796
256670 409
389874 1643
297860 1138
447325 9630
312280 6163
370983 3361
344996 2950
240830 3500
232808 568
256670 4037
281825 3415
470395 3848
332457 8955
240830 9394
344996 3512
267605 9013
279650 9867
266784 1947
297860 9444
447325 2142
266784 6965
230632 1866
212138 9383
267605 2874
256670 6510
332317 6628
211727 9438
220083 3577
397768 5262
389874 4544
211727 3333
366712 89
332317 113
305642 2010
235376 656
308623 344
309068 5893
344996 1929
240830 5489
211727 5873
437272 4587
316851 1030
389874 1300
348801 4226
312976 8482
256670 6569
403873 6127
470395 9868
256670 714
348801 2831
305642 7243
370983 4758
199920 4081
240830 3345
420805 5708
189664 2829
431175 7900
220083 4934
211727 8755
431175 3738
389874 1389
220083 9038
193349 9897
220083 7469
415660 301
326428 2970
325284 7920
316851 6155
325284 729
235376 8513
370983 6755
279650 1701
370983 4909
358032 7179
366712 653
420805 7385
435176 4579
431175 4199
211727 8483
405069 1384
201663 2803
435176 5462
199920 4520
272916 1939
358032 1122
420805 2608
266784 5153
431175 7315
294154 2356
420805 7029
256670 15
358032 539
389874 1244
235376 643
240830 6965
344996 607
189664 5349
179432 4195
405069 3584
389874 8023
279650 4770
470395 4149
397768 1254
244913 6695
266784 5312
305642 1971
220083 300
370983 4958
395373 7079
267605 573
415660 9186
272916 8395
297860 9212
220083 6607
397768 3620
279650 6001
211727 1301
389874 760
358032 7974
201663 4148
305642 5846
256670 8439
318290 3030
420805 7579
267605 696
256670 6928
389874 2139
279650 5296
225054 2588
279650 4115
266784 9315
397768 9954
389874 1647
342205 8922
431175 546
230632 5838
370983 1149
332457 9885
235376 5546
370983 6340
211727 9193
810642 2730
435176 2024
332317 4556
389874 6732
266784 4879
312280 5861
266784 2045
326428 2263
326428 732
326428 8958
344996 4901
457433 4579
342205 1416
470395 3206
240830 2039
371633 5985
193349 6104
447325 1849
389874 2983
335699 8684
232808 5137
199920 8827
325284 8870
232808 2952
294154 3516
389874 2317
220083 6712
484527 7184
232808 1082
309068 7593
358032 1273
344996 3837
240830 6934
201663 5898
199920 5538
389874 7488
348801 6244
267605 5025
267605 9918
294154 3266
240830 5829
189664 8616
225054 3068
211727 9797
189664 1541
212138 7996
488972 2595
417518 823
256670 8734
212138 5092
312976 8394
389874 3972
256670 163
344996 9189
358032 6024
332317 7877
256670 3842
189664 2849
211727 3051
405069 4971
397768 2498
220083 5709
415660 6711
256670 5645
452877 2036
212138 6729
308623 7976
279650 9662
189664 1850
358032 5138
449822 4941
212138 5130
417518 9541
389874 1241
279650 3464
212138 2525
297860 9406
294154 5937
358032 8012
297860 2476
389874 3657
256670 228
358032 5802
405069 1806
256670 6062
212138 7657
244913 6244
305642 5399
272916 2508
240830 526
267605 730
309068 7105
199920 7369
488203 32
294154 5258
266784 9440
397768 4304
272916 8682
370983 1279
358032 9983
235376 704
267605 2316
344996 6939
297860 6529
212138 7494
244913 1462
405069 2446
447325 200
447325 6563
256670 2522
220083 4591
447325 8442
220083 8006
326428 1227
405069 5617
435176 7603
211727 9103
201663 7185
484527 3114
240830 7498
344996 9775
266784 2049
417518 495
212138 338
297860 1542
244913 816
256670 3986
389874 141
309068 5596
447325 71
272916 7412
267605 5613
256670 1004
272916 1676
256670 2116
267605 1406
266784 641
220083 7429
189664 4421
484527 5841
431175 9891
342205 648
305642 346
256670 5842
370983 4506
348801 4590
235376 5131
358032 7222
405069 6388
335699 9107
482566 9843
335699 5946
235376 3472
389874 5553
220083 278
256670 8030
309068 6229
267605 6570
344996 248
435176 2879
267605 3448
370983 1789
332317 6005
395373 6262
405069 9647
348801 9061
344996 9385
267605 3168
267605 7348
344996 4524
211727 9729
220083 2873
473917 8371
287560 6590
389874 7219
272916 4913
305642 3928
266784 3242
309068 1017
332317 4776
348801 1166
473917 9510
287560 1014
389874 7104
211727 6062
267605 6463
201663 5220
279650 7152
389874 6401
309068 2863
267605 4609
279650 746
272916 6087
348801 5035
279650 1287
230632 163
297860 1827
447325 5367
305642 4118
366712 1567
266784 4814
279650 638
332317 7122
267605 5743
397768 4997
220083 2045
397768 3683
370983 6290
308623 4406
189664 9182
279650 8626
256670 8358
266784 4756
279650 8245
267605 1921
405069 205
267605 6899
279650 6048
370983 7345
232808 6567
272916 7364
267605 4810
232808 8999
370983 3046
389874 6002
297860 3681
389874 1849
294154 3753
266784 1228
294154 7431
220083 3837
326428 5694
344996 5503
256670 5424
232808 3599
435176 6435
240830 4344
256670 6067
389874 2051
358032 1060
297860 709
447325 3177
230632 7944
272916 6719
267605 8778
297860 7517
189664 3656
193349 4902
389874 4826
235376 213
279650 2689
431175 286
279650 7037
420805 5562
287560 2790
287560 4863
240830 2555
220083 4782
266784 3989
389874 5415
232808 2969
370983 2883
305642 9687
309068 4658
308623 3180
189664 5871
256670 1385
212138 6226
444010 5101
484527 321
449822 4898
267605 5248
308623 3121
279650 3097
211727 4888
211727 3078
389874 2232
325284 4441
267605 5591
267605 3138
370983 9510
267605 9793
199920 4119
193349 3214
267605 9407
309068 291
256670 9281
235376 1674
297860 7266
279650 6610
305642 7495
312280 499
240830 2621
279650 6543
256670 1790
389874 7386
484527 4970
309068 8676
235376 7302
297860 1628
211727 6676
287560 4152
240830 1531
297860 9609
316851 8101
267605 6851
348801 1883
199920 3485
389874 104
325284 2723
431175 9623
389874 393
244913 543
220083 9375
473917 7289
287560 5694
244913 8092
232808 3946
211727 5629
279650 5306
389874 4177
358032 9396
211727 7530
316851 1976
225054 2861
389874 7789
420805 9970
244913 6044
267605 3499
389874 1833
240830 5196
370983 5685
267605 9835
232808 7610
309068 9818
266784 1360
405069 1983
256670 5164
312976 9828
211727 2359
272916 7485
212138 6505
199920 8662
309068 7935
370983 7729
348801 6188
344996 3058
189664 2268
484527 9494
297860 6657
212138 9216
447325 4476
272916 488
358032 5018
370983 9908
309068 9855
256670 1270
431175 2568
220083 5862
509003 4600
332317 8156
370983 3616
305642 825
332317 2457
256670 3940
305642 8980
232808 7528
420805 5376
240830 3814
335699 2394
405069 3866
240830 7261
447325 9133
244913 9064
294154 7072
232808 733
230632 1148
220083 9336
235376 3476
267605 6732
225054 8902
405069 3587
420805 8365
211727 4503
326428 8502
266784 3443
211727 535
405069 7192
272916 2114
312280 4535
305642 1896
389874 1708
332317 3763
470395 8246
389874 9731
470395 5812
305642 3169
279650 295
358032 5979
220083 2087
420805 7113
452877 5326
420805 1858
389874 8517
342205 3980
312280 2590
389874 686
358032 6252
389874 9614
267605 8620
403873 7740
235376 310
267605 9829
211727 1946
389874 7502
305642 6339
266784 7006
294154 9901
272916 656
358032 9387
297860 9683
211727 671
212138 7775
335699 7718
267605 3431
211727 99
305642 1002
435176 2535
244913 8207
420805 4972
212138 3208
332317 1878
240830 5424
403873 1434
267605 7505
279650 3021
389874 1310
256670 6570
344996 3836
358032 3422
287560 9961
470395 8089
211727 447
211727 2956
297860 8920
256670 5417
267605 18
279650 5904
431175 6282
389874 6225
312280 3852
348801 1058
312976 7289
211727 9308
326428 5275
267605 6168
335699 9230
332317 8149
316851 8272
267605 8953
220083 1011
447325 4339
240830 8413
318290 4080
370983 5582
389874 218
220083 7559
305642 8499
267605 9550
420805 9820
235376 4324
484527 2748
417518 3697
370983 2664
267605 8790
420805 2628
498699 8395
308623 1674
411908 3263
279650 8364
272916 2039
230632 3610
211727 3302
435176 4623
344996 9949
279650 4999
220083 4558
389874 5674
420805 3305
256670 5757
244913 5846
256670 2663
435176 3743
370983 27
279650 4706
211727 9966
358032 8527
297860 4035
297860 2655
256670 7935
344996 7072
389874 9906
256670 2044
201663 8588
358032 4198
211727 1500
335699 8823
389874 7853
358032 4599
183787 9936
294154 4063
199920 8508
267605 7660
358032 919
256670 8812
294154 9290
220083 9082
444010 7989
267605 7529
366712 7947
225054 4843
348801 6962
316851 1189
420805 5737
220083 8026
389874 7612
232808 3663
444010 4299
220083 247
220083 1590
201663 7137
294154 803
294154 8437
279650 8673
256670 8616
272916 9030
240830 2002
240830 8787
199920 9731
240830 9965
332317 5664
256670 7874
435176 884
297860 9052
370983 376
220083 7900
332317 6411
370983 2487
267605 8737
244913 2304
297860 3289
240830 9522
420805 7135
305642 1205
435176 2141
189664 859
211727 9469
371633 2106
232808 4507
272916 6926
332317 9996
267605 1485
344996 7791
211727 1432
279650 9808
308623 7125
240830 7694
244913 3853
484527 397
397768 3549
470395 9085
225054 5598
344996 3323
272916 9430
332457 5681
220083 1123
244913 1071
267605 406
240830 8705
370983 9409
212138 7608
267605 2329
332457 2191
267605 2616
267605 2854
266784 4491
225054 8491
211727 6738
183787 9969
431175 1293
297860 6517
267605 5741
244913 6588
256670 2788
305642 9962
232808 2522
266784 7714
279650 2439
326428 6877
193349 1674
389874 3052
405069 4947
212138 1842
267605 5225
232808 872
279650 9563
484527 2962
267605 6122
220083 8611
240830 2969
366712 4636
344996 9194
389874 296
193349 2035
417518 515
232808 3773
235376 909
199920 2120
348801 9866
235376 9713
305642 2582
417518 3959
470395 9605
287560 5431
470395 1973
240830 4613
211727 1833
272916 3905
389874 9452
220083 3179
470395 2976
470395 4261
305642 9328
225054 1031
225054 8611
225054 8263
405069 5987
220083 3539
305642 762
405069 738
240830 6496
220083 9067
344996 1822
232808 9083
240830 2534
212138 9787
211727 924
403873 5873
348801 8728
473917 2111
240830 8602
212138 3865
309068 390
447325 2965
220083 3226
405069 6530
470395 4079
417518 7751
370983 3312
484527 1021
431175 3922
279650 803
405069 7312
240830 7589
267605 4984
348801 8609
256670 7684
415660 6255
325284 3720
488972 2697
395373 2132
267605 5280
279650 6169
370983 2632
389874 3123
279650 8038
447325 5992
294154 5381
199920 9871
420805 8258
470395 3449
184307 9197
230632 8165
305642 2295
211727 3917
431175 720
212138 165
325284 5159
370983 5954
366712 233
447325 8359
488203 3924
389874 4935
431175 4697
358032 3265
431175 312
312280 8378
366712 2039
500324 7700
272916 2816
332317 8565
201663 8133
220083 7855
332457 3481
297860 4470
272916 8868
297860 1097
305642 2068
267605 8865
389874 3328
294154 7270
199920 9003
484527 2442
435176 7407
447325 3977
305642 9000
211727 276
405069 8312
342205 9558
184307 1439
240830 3168
325284 3892
212138 8999
482566 4703
211727 9695
287560 4212
267605 6293
389874 3229
457433 2243
332317 7831
225054 2055
240830 7062
279650 7779
267605 3241
244913 7409
370983 7443
389874 3984
279650 8683
325284 3537
201663 8388
335699 3609
225054 307
184307 4925
220083 2490
294154 2304
267605 4761
220083 4945
220083 9622
272916 6916
232808 7214
470395 3656
240830 8401
294154 8360
370983 8065
266784 9122
305642 3274
309068 5989
370983 8894
211727 6755
211727 8459
297860 8451
256670 9479
308623 8938
220083 6372
193349 3768
309068 6234
326428 516
405069 199
279650 7881
332457 6091
348801 1087
267605 1217
344996 9893
240830 874
266784 3805
297860 7067
403873 3538
244913 8728
232808 4784
232808 29
389874 7366
266784 4823
272916 4418
405069 62
358032 198
348801 4448
348801 6653
266784 6576
411908 6307
308623 1242
272916 2981
211727 3594
240830 6105
232808 5612
267605 9820
431175 5076
318290 677
509003 9997
232808 8241
308623 402
444010 9396
232808 2135
297860 7632
470395 3400
344996 6811
417518 3715
389874 2552
405069 7648
267605 6603
344996 1349
470395 9919
199920 6736
279650 1959
267605 488
344996 6281
348801 9784
484527 3739
309068 2040
297860 6989
211727 4915
447325 5182
389874 4180
272916 1593
389874 4617
332317 9581
267605 195
420805 997
212138 3113
335699 6421
272916 9716
240830 9273
225054 814
389874 3025
389874 5430
420805 6525
201663 2401
326428 629
473917 6465
308623 3746
309068 3398
256670 4731
305642 5698
266784 2437
220083 330
431175 9278
211727 2023
332317 5486
370983 6339
272916 9552
220083 3233
211727 6868
232808 7905
279650 2597
397768 6986
312976 461
411908 2005
309068 4806
488412 2506
294154 272
294154 375
431175 6605
279650 1073
240830 7604
267605 3354
220083 304
267605 7900
308623 4056
332457 4192
201663 1293
232808 3494
201663 8109
240830 8147
449822 6474
279650 3068
184307 728
272916 8702
240830 3689
397768 5863
305642 9267
509003 7298
193349 9271
366712 5762
420805 3368
211727 2354
297860 194
211727 2251
498699 4791
279650 7076
403873 9757
232808 907
308623 1018
240830 2765
211727 5730
256670 737
199920 1827
230632 9428
272916 443
220083 2635
348801 3555
389874 7813
272916 3
348801 6665
344996 2575
232808 3680
405069 6771
189664 1549
267605 6634
256670 2828
447325 3906
267605 1964
184307 7229
342205 3672
240830 6044
325284 8715
256670 6446
370983 3779
272916 4351
389874 8369
267605 3571
220083 9554
176020 2270
417518 4003
366712 6792
287560 5916
266784 3901
272916 2032
332317 423
272916 5385
366712 4585
220083 2458
256670 6608
309068 4895
267605 7779
395373 9694
348801 9268
256670 9297
305642 7422
326428 602
358032 9961
444010 8591
332317 7278
309068 5114
435176 480
211727 2042
232808 7553
199920 5572
305642 2133
240830 962
176020 2566
403873 6506
193349 4022
420805 5433
220083 3847
220083 8037
389874 1973
308623 5260
240830 1690
344996 8212
326428 7915
344996 3002
342205 9786
294154 9124
220083 9796
279650 1563
326428 6098
240830 1123
272916 3724
294154 3640
344996 112
332317 6501
344996 534
240830 9160
220083 4140
211727 1214
447325 5312
267605 7919
420805 3590
281825 1345
220083 8140
240830 3078
305642 6831
297860 5308
325284 2304
230632 4610
305642 7749
193349 6740
184307 3468
294154 8071
189664 2532
389874 2117
335699 4356
211727 8263
305642 2835
267605 1529
403873 7890
447325 3470
256670 8343
240830 9068
470395 5339
212138 6586
370983 1299
220083 918
211727 7359
225054 2348
447325 159
370983 6132
344996 7641
305642 324
294154 148
344996 8365
348801 8902
370983 8197
444010 884
335699 5192
189664 3996
267605 9880
267605 5929
370983 9488
189664 7446
225054 627
267605 4794
244913 3436
235376 1386
279650 1492
211727 4577
240830 4312
370983 1700
256670 5626
256670 8132
358032 8826
240830 4404
267605 8969
294154 6379
437272 9641
267605 1579
297860 6886
498699 8693
199920 3529
183787 9327
220083 4477
431175 7962
305642 2007
212138 3832
435176 7464
297860 278
256670 2911
267605 7639
332317 9660
312976 9687
326428 2555
348801 2070
332317 7613
256670 5972
201663 7011
332457 6544
225054 5312
232808 7132
220083 4408
267605 2804
201663 3580
220083 1312
342205 8465
232808 8327
184345 8837
437272 6640
281825 7503
370983 4546
240830 3646
267605 7603
232808 1927
447325 3945
244913 1451
305642 3414
309068 4742
211727 9953
297860 4016
211727 7465
405069 7507
473917 9665
305642 5295
305642 1884
470395 6057
212138 574
256670 5311
358032 8637
420805 8950
220083 5370
279650 2514
294154 537
420805 7958
335699 157
240830 9208
420805 5435
279650 6249
370983 2201
220083 9107
225054 8102
240830 2770
267605 9114
325284 7120
325284 4874
272916 4473
358032 4485
272916 1045
326428 6844
297860 6596
326428 3523
335699 7471
305642 7834
279650 2012
212138 8174
417518 2102
348801 6444
488203 9959
470395 8024
240830 5
240830 4362
370983 5015
294154 6599
199920 5897
405069 3656
447325 1505
240830 5485
411908 1590
431175 584
232808 2850
240830 4785
447325 4695
405069 2880
344996 2337
309068 5172
452877 8913
267605 86
470395 9598
267605 9821
232808 4793
287560 7455
305642 5279
470395 8469
389874 3077
232808 4314
240830 7131
279650 6361
389874 6063
348801 2502
344996 2530
447325 906
232808 3874
256670 9877
267605 6471
305642 9125
211727 2222
389874 3515
256670 33
244913 9783
370983 3837
335699 173
256670 9572
488412 1635
332317 4877
279650 8158
279650 1930
240830 2149
256670 7919
358032 2822
230632 1015
470395 3490
244913 338
211727 197
420805 159
312976 1301
232808 9812
370983 6443
420805 2577
444010 4716
305642 5931
279650 6859
305642 1503
201663 6125
297860 1845
220083 1374
267605 1656
189664 6597
417518 2682
240830 2475
297860 5759
279650 2040
348801 3131
437272 2041
358032 3391
211727 1909
201663 1646
420805 436
308623 9775
256670 6028
176020 8981
403873 3726
312976 43
232808 9762
370983 7219
389874 1143
267605 8607
212138 8923
232808 5475
312280 3314
279650 5104
395373 2359
420805 8793
267605 361
281825 8789
431175 9406
312280 4922
473917 9871
279650 7243
225054 4247
305642 4088
211727 9774
267605 2732
287560 8249
312976 2429
193349 8439
420805 7985
230632 1887
256670 1647
272916 2347
325284 4546
312280 1297
211727 4785
326428 2734
184307 8674
358032 2600
305642 3832
212138 6366
211727 3192
266784 4325
332317 1912
267605 8803
240830 8034
279650 7521
389874 6420
309068 3480
189664 6756
312976 7964
220083 6595
235376 7744
457433 9930
417518 3999
294154 2826
244913 7470
389874 9173
230632 5236
211727 2921
297860 9745
484527 2939
267605 8206
397768 3708
279650 5053
267605 422
267605 9200
435176 1709
287560 7459
358032 2625
240830 7236
279650 8414
230632 2811
420805 5380
240830 6706
435176 4229
332457 1987
294154 6310
272916 1029
358032 9933
232808 2258
305642 1347
256670 7961
370983 2911
389874 6462
297860 1326
240830 6068
267605 5226
431175 2865
348801 5326
488203 3967
232808 5322
370983 3430
332457 8540
230632 4309
405069 5644
309068 2472
266784 7055
201663 2560
389874 2233
211727 8992
358032 2248
220083 5431
211727 6236
240830 9625
256670 1266
272916 9437
256670 7190
267605 3947
189664 1321
305642 8360
447325 7212
279650 3429
220083 2942
312280 3035
312976 7445
256670 9827
199920 8963
389874 4289
193349 166
279650 1246
417518 2570
267605 5337
389874 9487
235376 1664
344996 9868
199920 6572
420805 7670
201663 3719
230632 7877
342205 3439
199920 6017
305642 5208
431175 5674
484527 5495
326428 2429
279650 4420
266784 3366
403873 1951
212138 1583
309068 7788
344996 2977
342205 5043
305642 2441
279650 3606
272916 4081
316851 3870
316851 9853
342205 4648
335699 2259
232808 2117
220083 7979
294154 5980
325284 6655
267605 2402
212138 8603
358032 3995
240830 1233
201663 832
232808 1697
232808 149
211727 9092
211727 5667
417518 508
326428 5485
267605 1233
232808 8155
484527 5756
240830 89
220083 2630
256670 2416
232808 8585
316851 9606
225054 907
488203 2203
405069 401
211727 5714
279650 5091
256670 6740
389874 440
344996 3831
417518 2649
230632 1907
279650 8030
