99 9664
99 6872
99 9498
99 4510
99 7383
99 8072
99 5856
99 1350
99 5314
99 1890
99 7970
99 9619
99 5494
99 3120
99 3982
99 266
99 4441
99 1920
99 3613
99 6096
99 2794
99 5449
99 6982
99 1019
99 1649
99 2398
99 3585
99 742
99 9403
99 8753
99 9866
99 1213
99 438
99 2039
99 3089
99 9935
99 9437
99 1962
99 6410
99 1500
99 6065
99 1902
99 597
99 9921
99 355
99 3189
99 3031
99 2030
99 7852
99 3451
99 1001
99 374
99 8917
99 6974
99 1663
99 4259
99 1147
99 3619
99 1180
99 4933
99 5740
99 7145
99 2955
99 1001
99 8252
99 7654
99 646
99 9773
99 1654
99 6411
99 3267
99 4263
99 5875
99 7705
99 9336
99 2776
99 3333
99 952
99 2593
99 2654
99 5609
99 8675
99 4108
99 1921
99 9778
99 7247
99 2865
99 217
99 7728
99 6716
99 9325
99 8333
99 5103
99 5852
99 6368
99 4112
99 2514
99 9185
99 204
99 7504
99 1296
99 5504
99 749
99 8919
99 4602
99 2210
99 3935
99 7895
99 5771
99 9997
99 4717
99 5886
99 9672
99 2169
99 5084
99 6358
99 6790
99 1323
99 25
99 9742
99 3151
99 5479
99 2623
99 3923
99 3656
99 7343
99 6204
99 9309
99 6790
99 517
99 6591
99 9298
99 6853
99 767
99 2715
99 7297
99 1047
99 4248
99 2584
99 7314
