200000 9664
200000 6872
200000 9498
200000 4510
200000 7383
200000 8072
200000 5856
200000 1350
200000 5314
200000 1890
200000 7970
200000 9619
200000 5494
200000 3120
200000 3982
200000 266
200000 4441
200000 1920
200000 3613
200000 6096
200000 2794
200000 5449
200000 6982
200000 1019
200000 1649
200000 2398
200000 3585
200000 742
200000 9403
200000 8753
200000 9866
200000 1213
200000 438
200000 2039
200000 3089
200000 9935
200000 9437
200000 1962
200000 6410
200000 1500
200000 6065
200000 1902
200000 597
200000 9921
200000 355
200000 3189
200000 3031
200000 2030
200000 7852
200000 3451
200000 1001
200000 374
200000 8917
200000 6974
200000 1663
200000 4259
200000 1147
200000 3619
200000 1180
200000 4933
200000 5740
200000 7145
200000 2955
200000 1001
200000 8252
200000 7654
200000 646
200000 9773
200000 1654
200000 6411
200000 3267
200000 4263
200000 5875
200000 7705
200000 9336
200000 2776
200000 3333
200000 952
200000 2593
200000 2654
200000 5609
200000 8675
200000 4108
200000 1921
200000 9778
200000 7247
200000 2865
200000 217
200000 7728
200000 6716
200000 9325
200000 8333
200000 5103
200000 5852
200000 6368
200000 4112
200000 2514
200000 9185
200000 204
200000 7504
200000 1296
200000 5504
200000 749
200000 8919
200000 4602
200000 2210
200000 3935
200000 7895
200000 5771
200000 9997
200000 4717
200000 5886
200000 9672
200000 2169
200000 5084
200000 6358
200000 6790
200000 1323
200000 25
200000 9742
200000 3151
200000 5479
200000 2623
200000 3923
200000 3656
200000 7343
200000 6204
200000 9309
200000 6790
200000 517
200000 6591
200000 9298
200000 6853
200000 767
200000 2715
200000 7297
200000 1047
200000 4248
200000 2584
200000 7314
