le fichier /home/onyxia/work/ensae-prog23/input/routes.1.in est composé de 140 trajets
30
90
74
74
11
57
74
27
53
63
88
92
92
53
88
41
23
87
90
92
28
92
76
40
0
87
93
87
53
90
59
25
15
90
43
37
92
41
47
93
74
90
47
40
87
88
87
5
93
74
37
35
74
0
27
5
40
11
22
74
57
87
87
74
87
28
12
87
93
40
54
96
93
54
92
0
63
43
96
37
77
92
90
63
88
22
93
92
93
41
79
74
59
88
63
88
25
93
0
50
83
50
63
74
32
63
93
88
53
41
88
93
88
87
83
23
0
87
77
74
47
54
90
28
35
90
93
88
90
93
96
96
40
43
62
40
92
96
41
40
