50000 9664
50000 6872
50000 9498
50000 4510
50000 7383
50000 8072
50000 5856
50000 1350
50000 5314
50000 1890
50000 7970
50000 9619
50000 5494
50000 3120
50000 3982
50000 266
50000 4441
50000 1920
50000 3613
50000 6096
50000 2794
50000 5449
50000 6982
50000 1019
50000 1649
50000 2398
50000 3585
50000 742
50000 9403
50000 8753
50000 9866
50000 1213
50000 438
50000 2039
50000 3089
50000 9935
50000 9437
50000 1962
50000 6410
50000 1500
50000 6065
50000 1902
50000 597
50000 9921
50000 355
50000 3189
50000 3031
50000 2030
50000 7852
50000 3451
50000 1001
50000 374
50000 8917
50000 6974
50000 1663
50000 4259
50000 1147
50000 3619
50000 1180
50000 4933
50000 5740
50000 7145
50000 2955
50000 1001
50000 8252
50000 7654
50000 646
50000 9773
50000 1654
50000 6411
50000 3267
50000 4263
50000 5875
50000 7705
50000 9336
50000 2776
50000 3333
50000 952
50000 2593
50000 2654
50000 5609
50000 8675
50000 4108
50000 1921
50000 9778
50000 7247
50000 2865
50000 217
50000 7728
50000 6716
50000 9325
50000 8333
50000 5103
50000 5852
50000 6368
50000 4112
50000 2514
50000 9185
50000 204
50000 7504
50000 1296
50000 5504
50000 749
50000 8919
50000 4602
50000 2210
50000 3935
50000 7895
50000 5771
50000 9997
50000 4717
50000 5886
50000 9672
50000 2169
50000 5084
50000 6358
50000 6790
50000 1323
50000 25
50000 9742
50000 3151
50000 5479
50000 2623
50000 3923
50000 3656
50000 7343
50000 6204
50000 9309
50000 6790
50000 517
50000 6591
50000 9298
50000 6853
50000 767
50000 2715
50000 7297
50000 1047
50000 4248
50000 2584
50000 7314
