50000 9997 0.19994
50000 9935 0.1987
50000 9921 0.19842
50000 9866 0.19732
50000 9778 0.19556
50000 9773 0.19546
50000 9742 0.19484
50000 9672 0.19344
50000 9664 0.19328
50000 9619 0.19238
50000 9498 0.18996
50000 9437 0.18874
50000 9403 0.18806
50000 9336 0.18672
50000 9325 0.1865
50000 9309 0.18618
50000 9298 0.18596
50000 9185 0.1837
50000 8919 0.17838
50000 8917 0.17834
50000 8753 0.17506
50000 8675 0.1735
50000 8333 0.16666
50000 8252 0.16504
50000 8072 0.16144
50000 7970 0.1594
50000 7895 0.1579
50000 7852 0.15704
50000 7728 0.15456
50000 7705 0.1541
50000 7654 0.15308
50000 7504 0.15008
50000 7383 0.14766
50000 7343 0.14686
50000 7314 0.14628
50000 7297 0.14594
50000 7247 0.14494
50000 7145 0.1429
50000 6982 0.13964
50000 6974 0.13948
50000 6872 0.13744
50000 6853 0.13706
50000 6790 0.1358
50000 6790 0.1358
50000 6716 0.13432
50000 6591 0.13182
50000 6411 0.12822
50000 6410 0.1282
50000 6368 0.12736
50000 6358 0.12716
50000 6204 0.12408
50000 6096 0.12192
50000 6065 0.1213
50000 5886 0.11772
50000 5875 0.1175
50000 5856 0.11712
50000 5852 0.11704
50000 5771 0.11542
50000 5740 0.1148
50000 5609 0.11218
50000 5504 0.11008
50000 5494 0.10988
50000 5479 0.10958
50000 5449 0.10898
50000 5314 0.10628
50000 5103 0.10206
50000 5084 0.10168
50000 4933 0.09866
50000 4717 0.09434
50000 4602 0.09204
50000 4510 0.0902
50000 4441 0.08882
50000 4263 0.08526
50000 4259 0.08518
50000 4248 0.08496
50000 4112 0.08224
50000 4108 0.08216
50000 3982 0.07964
50000 3935 0.0787
50000 3923 0.07846
50000 3656 0.07312
50000 3619 0.07238
50000 3613 0.07226
50000 3585 0.0717
50000 3451 0.06902
50000 3333 0.06666
50000 3267 0.06534
50000 3189 0.06378
50000 3151 0.06302
50000 3120 0.0624
50000 3089 0.06178
50000 3031 0.06062
50000 2955 0.0591
50000 2865 0.0573
50000 2794 0.05588
50000 2776 0.05552
50000 2715 0.0543
50000 2654 0.05308
50000 2623 0.05246
50000 2593 0.05186
50000 2584 0.05168
50000 2514 0.05028
50000 2398 0.04796
50000 2210 0.0442
50000 2169 0.04338
50000 2039 0.04078
50000 2030 0.0406
50000 1962 0.03924
50000 1921 0.03842
50000 1920 0.0384
50000 1902 0.03804
50000 1890 0.0378
50000 1663 0.03326
50000 1654 0.03308
50000 1649 0.03298
50000 1500 0.03
50000 1350 0.027
50000 1323 0.02646
50000 1296 0.02592
50000 1213 0.02426
50000 1180 0.0236
50000 1147 0.02294
50000 1047 0.02094
50000 1019 0.02038
50000 1001 0.02002
50000 1001 0.02002
50000 952 0.01904
50000 767 0.01534
50000 749 0.01498
50000 742 0.01484
50000 646 0.01292
50000 597 0.01194
50000 517 0.01034
50000 438 0.00876
50000 374 0.00748
50000 355 0.0071
50000 266 0.00532
50000 217 0.00434
50000 204 0.00408
50000 25 0.0005
